This is XeTeX, Version 3.14159265-2.6-0.999992 (TeX Live 2020/W32TeX) (preloaded format=xelatex 2021.6.29)  1 MAY 2022 19:42
entering extended mode
 restricted \write18 enabled.
 %&-line parsing enabled.
**report.tex
(./report.tex
LaTeX2e <2020-02-02> patch level 5
L3 programming layer <2020-03-06>
(d:/texlive/2020/texmf-dist/tex/latex/base/article.cls
Document Class: article 2019/12/20 v1.4l Standard LaTeX document class
(d:/texlive/2020/texmf-dist/tex/latex/base/size10.clo
File: size10.clo 2019/12/20 v1.4l Standard LaTeX file (size option)
)
\c@part=\count163
\c@section=\count164
\c@subsection=\count165
\c@subsubsection=\count166
\c@paragraph=\count167
\c@subparagraph=\count168
\c@figure=\count169
\c@table=\count170
\abovecaptionskip=\skip47
\belowcaptionskip=\skip48
\bibindent=\dimen134
)
(d:/texlive/2020/texmf-dist/tex/generic/babel/babel.sty
Package: babel 2020/03/22 3.42 The Babel package

(d:/texlive/2020/texmf-dist/tex/generic/babel/switch.def
File: switch.def 2020/03/22 3.42 Babel switching mechanism
)
(d:/texlive/2020/texmf-dist/tex/generic/babel-english/english.ldf
Language: english 2017/06/06 v3.3r English support from the babel system

(d:/texlive/2020/texmf-dist/tex/generic/babel/babel.def
File: babel.def 2020/03/22 3.42 Babel common definitions
\babel@savecnt=\count171
\U@D=\dimen135

(d:/texlive/2020/texmf-dist/tex/generic/babel/xebabel.def
(d:/texlive/2020/texmf-dist/tex/generic/babel/txtbabel.def))
\bbl@readstream=\read2
\bbl@dirlevel=\count172
)
Package babel Info: \l@canadian = using hyphenrules for english
(babel)             (\language0) on input line 102.
Package babel Info: \l@australian = using hyphenrules for ukenglish
(babel)             (\language21) on input line 105.
Package babel Info: \l@newzealand = using hyphenrules for ukenglish
(babel)             (\language21) on input line 108.
))
(d:/texlive/2020/texmf-dist/tex/latex/base/inputenc.sty
Package: inputenc 2018/08/11 v1.3c Input encoding file
\inpenc@prehook=\toks15
\inpenc@posthook=\toks16


Package inputenc Warning: inputenc package ignored with utf8 based engines.

) (d:/texlive/2020/texmf-dist/tex/latex/preprint/fullpage.sty
Package: fullpage 1999/02/23 1.1 (PWD)
\FP@margin=\skip49
)
(d:/texlive/2020/texmf-dist/tex/latex/amsmath/amsmath.sty
Package: amsmath 2020/01/20 v2.17e AMS math features
\@mathmargin=\skip50

For additional information on amsmath, use the `?' option.
(d:/texlive/2020/texmf-dist/tex/latex/amsmath/amstext.sty
Package: amstext 2000/06/29 v2.01 AMS text

(d:/texlive/2020/texmf-dist/tex/latex/amsmath/amsgen.sty
File: amsgen.sty 1999/11/30 v2.0 generic functions
\@emptytoks=\toks17
\ex@=\dimen136
))
(d:/texlive/2020/texmf-dist/tex/latex/amsmath/amsbsy.sty
Package: amsbsy 1999/11/29 v1.2d Bold Symbols
\pmbraise@=\dimen137
)
(d:/texlive/2020/texmf-dist/tex/latex/amsmath/amsopn.sty
Package: amsopn 2016/03/08 v2.02 operator names
)
\inf@bad=\count173
LaTeX Info: Redefining \frac on input line 227.
\uproot@=\count174
\leftroot@=\count175
LaTeX Info: Redefining \overline on input line 389.
\classnum@=\count176
\DOTSCASE@=\count177
LaTeX Info: Redefining \ldots on input line 486.
LaTeX Info: Redefining \dots on input line 489.
LaTeX Info: Redefining \cdots on input line 610.
\Mathstrutbox@=\box45
\strutbox@=\box46
\big@size=\dimen138
LaTeX Font Info:    Redeclaring font encoding OML on input line 733.
LaTeX Font Info:    Redeclaring font encoding OMS on input line 734.
\macc@depth=\count178
\c@MaxMatrixCols=\count179
\dotsspace@=\muskip16
\c@parentequation=\count180
\dspbrk@lvl=\count181
\tag@help=\toks18
\row@=\count182
\column@=\count183
\maxfields@=\count184
\andhelp@=\toks19
\eqnshift@=\dimen139
\alignsep@=\dimen140
\tagshift@=\dimen141
\tagwidth@=\dimen142
\totwidth@=\dimen143
\lineht@=\dimen144
\@envbody=\toks20
\multlinegap=\skip51
\multlinetaggap=\skip52
\mathdisplay@stack=\toks21
LaTeX Info: Redefining \[ on input line 2859.
LaTeX Info: Redefining \] on input line 2860.
)
(d:/texlive/2020/texmf-dist/tex/latex/graphics/graphicx.sty
Package: graphicx 2019/11/30 v1.2a Enhanced LaTeX Graphics (DPC,SPQR)

(d:/texlive/2020/texmf-dist/tex/latex/graphics/keyval.sty
Package: keyval 2014/10/28 v1.15 key=value parser (DPC)
\KV@toks@=\toks22
)
(d:/texlive/2020/texmf-dist/tex/latex/graphics/graphics.sty
Package: graphics 2019/11/30 v1.4a Standard LaTeX Graphics (DPC,SPQR)

(d:/texlive/2020/texmf-dist/tex/latex/graphics/trig.sty
Package: trig 2016/01/03 v1.10 sin cos tan (DPC)
)
(d:/texlive/2020/texmf-dist/tex/latex/graphics-cfg/graphics.cfg
File: graphics.cfg 2016/06/04 v1.11 sample graphics configuration
)
Package graphics Info: Driver file: xetex.def on input line 105.

(d:/texlive/2020/texmf-dist/tex/latex/graphics-def/xetex.def
File: xetex.def 2017/06/24 v5.0h Graphics/color driver for xetex
))
\Gin@req@height=\dimen145
\Gin@req@width=\dimen146
)
(d:/texlive/2020/texmf-dist/tex/latex/todonotes/todonotes.sty
Package: todonotes 2019/01/24 v1.1.2 Todonotes source and documentation.
Package: todonotes 2018/11/22

(d:/texlive/2020/texmf-dist/tex/latex/base/ifthen.sty
Package: ifthen 2014/09/29 v1.1c Standard LaTeX ifthen package (DPC)
)
(d:/texlive/2020/texmf-dist/tex/latex/xkeyval/xkeyval.sty
Package: xkeyval 2014/12/03 v2.7a package option processing (HA)

(d:/texlive/2020/texmf-dist/tex/generic/xkeyval/xkeyval.tex
(d:/texlive/2020/texmf-dist/tex/generic/xkeyval/xkvutils.tex
\XKV@toks=\toks23
\XKV@tempa@toks=\toks24
)
\XKV@depth=\count185
File: xkeyval.tex 2014/12/03 v2.7a key=value parser (HA)
))
(d:/texlive/2020/texmf-dist/tex/latex/xcolor/xcolor.sty
Package: xcolor 2016/05/11 v2.12 LaTeX color extensions (UK)

(d:/texlive/2020/texmf-dist/tex/latex/graphics-cfg/color.cfg
File: color.cfg 2016/01/02 v1.6 sample color configuration
)
Package xcolor Info: Driver file: xetex.def on input line 225.
Package xcolor Info: Model `cmy' substituted by `cmy0' on input line 1348.
Package xcolor Info: Model `RGB' extended on input line 1364.
Package xcolor Info: Model `HTML' substituted by `rgb' on input line 1366.
Package xcolor Info: Model `Hsb' substituted by `hsb' on input line 1367.
Package xcolor Info: Model `tHsb' substituted by `hsb' on input line 1368.
Package xcolor Info: Model `HSB' substituted by `hsb' on input line 1369.
Package xcolor Info: Model `Gray' substituted by `gray' on input line 1370.
Package xcolor Info: Model `wave' substituted by `hsb' on input line 1371.
)
(d:/texlive/2020/texmf-dist/tex/latex/pgf/frontendlayer/tikz.sty
(d:/texlive/2020/texmf-dist/tex/latex/pgf/basiclayer/pgf.sty
(d:/texlive/2020/texmf-dist/tex/latex/pgf/utilities/pgfrcs.sty
(d:/texlive/2020/texmf-dist/tex/generic/pgf/utilities/pgfutil-common.tex
\pgfutil@everybye=\toks25
\pgfutil@tempdima=\dimen147
\pgfutil@tempdimb=\dimen148

(d:/texlive/2020/texmf-dist/tex/generic/pgf/utilities/pgfutil-common-lists.tex)
) (d:/texlive/2020/texmf-dist/tex/generic/pgf/utilities/pgfutil-latex.def
\pgfutil@abb=\box47

(d:/texlive/2020/texmf-dist/tex/latex/ms/everyshi.sty
Package: everyshi 2001/05/15 v3.00 EveryShipout Package (MS)
))
(d:/texlive/2020/texmf-dist/tex/generic/pgf/utilities/pgfrcs.code.tex
(d:/texlive/2020/texmf-dist/tex/generic/pgf/pgf.revision.tex)
Package: pgfrcs 2020/01/08 v3.1.5b (3.1.5b)
))
Package: pgf 2020/01/08 v3.1.5b (3.1.5b)

(d:/texlive/2020/texmf-dist/tex/latex/pgf/basiclayer/pgfcore.sty
(d:/texlive/2020/texmf-dist/tex/latex/pgf/systemlayer/pgfsys.sty
(d:/texlive/2020/texmf-dist/tex/generic/pgf/systemlayer/pgfsys.code.tex
Package: pgfsys 2020/01/08 v3.1.5b (3.1.5b)

(d:/texlive/2020/texmf-dist/tex/generic/pgf/utilities/pgfkeys.code.tex
\pgfkeys@pathtoks=\toks26
\pgfkeys@temptoks=\toks27

(d:/texlive/2020/texmf-dist/tex/generic/pgf/utilities/pgfkeysfiltered.code.tex
\pgfkeys@tmptoks=\toks28
))
\pgf@x=\dimen149
\pgf@y=\dimen150
\pgf@xa=\dimen151
\pgf@ya=\dimen152
\pgf@xb=\dimen153
\pgf@yb=\dimen154
\pgf@xc=\dimen155
\pgf@yc=\dimen156
\pgf@xd=\dimen157
\pgf@yd=\dimen158
\w@pgf@writea=\write3
\r@pgf@reada=\read3
\c@pgf@counta=\count186
\c@pgf@countb=\count187
\c@pgf@countc=\count188
\c@pgf@countd=\count189
\t@pgf@toka=\toks29
\t@pgf@tokb=\toks30
\t@pgf@tokc=\toks31
\pgf@sys@id@count=\count190
 (d:/texlive/2020/texmf-dist/tex/generic/pgf/systemlayer/pgf.cfg
File: pgf.cfg 2020/01/08 v3.1.5b (3.1.5b)
)
Driver file for pgf: pgfsys-xetex.def

(d:/texlive/2020/texmf-dist/tex/generic/pgf/systemlayer/pgfsys-xetex.def
File: pgfsys-xetex.def 2020/01/08 v3.1.5b (3.1.5b)

(d:/texlive/2020/texmf-dist/tex/generic/pgf/systemlayer/pgfsys-dvipdfmx.def
File: pgfsys-dvipdfmx.def 2020/01/08 v3.1.5b (3.1.5b)

(d:/texlive/2020/texmf-dist/tex/generic/pgf/systemlayer/pgfsys-common-pdf.def
File: pgfsys-common-pdf.def 2020/01/08 v3.1.5b (3.1.5b)
)
\pgfsys@objnum=\count191
)))
(d:/texlive/2020/texmf-dist/tex/generic/pgf/systemlayer/pgfsyssoftpath.code.tex
File: pgfsyssoftpath.code.tex 2020/01/08 v3.1.5b (3.1.5b)
\pgfsyssoftpath@smallbuffer@items=\count192
\pgfsyssoftpath@bigbuffer@items=\count193
)
(d:/texlive/2020/texmf-dist/tex/generic/pgf/systemlayer/pgfsysprotocol.code.tex
File: pgfsysprotocol.code.tex 2020/01/08 v3.1.5b (3.1.5b)
)) (d:/texlive/2020/texmf-dist/tex/generic/pgf/basiclayer/pgfcore.code.tex
Package: pgfcore 2020/01/08 v3.1.5b (3.1.5b)

(d:/texlive/2020/texmf-dist/tex/generic/pgf/math/pgfmath.code.tex
(d:/texlive/2020/texmf-dist/tex/generic/pgf/math/pgfmathcalc.code.tex
(d:/texlive/2020/texmf-dist/tex/generic/pgf/math/pgfmathutil.code.tex)
(d:/texlive/2020/texmf-dist/tex/generic/pgf/math/pgfmathparser.code.tex
\pgfmath@dimen=\dimen159
\pgfmath@count=\count194
\pgfmath@box=\box48
\pgfmath@toks=\toks32
\pgfmath@stack@operand=\toks33
\pgfmath@stack@operation=\toks34
)
(d:/texlive/2020/texmf-dist/tex/generic/pgf/math/pgfmathfunctions.code.tex
(d:/texlive/2020/texmf-dist/tex/generic/pgf/math/pgfmathfunctions.basic.code.te
x)
(d:/texlive/2020/texmf-dist/tex/generic/pgf/math/pgfmathfunctions.trigonometric
.code.tex)
(d:/texlive/2020/texmf-dist/tex/generic/pgf/math/pgfmathfunctions.random.code.t
ex)
(d:/texlive/2020/texmf-dist/tex/generic/pgf/math/pgfmathfunctions.comparison.co
de.tex)
(d:/texlive/2020/texmf-dist/tex/generic/pgf/math/pgfmathfunctions.base.code.tex
)
(d:/texlive/2020/texmf-dist/tex/generic/pgf/math/pgfmathfunctions.round.code.te
x)
(d:/texlive/2020/texmf-dist/tex/generic/pgf/math/pgfmathfunctions.misc.code.tex
)
(d:/texlive/2020/texmf-dist/tex/generic/pgf/math/pgfmathfunctions.integerarithm
etics.code.tex)))
(d:/texlive/2020/texmf-dist/tex/generic/pgf/math/pgfmathfloat.code.tex
\c@pgfmathroundto@lastzeros=\count195
))
(d:/texlive/2020/texmf-dist/tex/generic/pgf/math/pgfint.code.tex)
(d:/texlive/2020/texmf-dist/tex/generic/pgf/basiclayer/pgfcorepoints.code.tex
File: pgfcorepoints.code.tex 2020/01/08 v3.1.5b (3.1.5b)
\pgf@picminx=\dimen160
\pgf@picmaxx=\dimen161
\pgf@picminy=\dimen162
\pgf@picmaxy=\dimen163
\pgf@pathminx=\dimen164
\pgf@pathmaxx=\dimen165
\pgf@pathminy=\dimen166
\pgf@pathmaxy=\dimen167
\pgf@xx=\dimen168
\pgf@xy=\dimen169
\pgf@yx=\dimen170
\pgf@yy=\dimen171
\pgf@zx=\dimen172
\pgf@zy=\dimen173
)
(d:/texlive/2020/texmf-dist/tex/generic/pgf/basiclayer/pgfcorepathconstruct.cod
e.tex
File: pgfcorepathconstruct.code.tex 2020/01/08 v3.1.5b (3.1.5b)
\pgf@path@lastx=\dimen174
\pgf@path@lasty=\dimen175
)
(d:/texlive/2020/texmf-dist/tex/generic/pgf/basiclayer/pgfcorepathusage.code.te
x
File: pgfcorepathusage.code.tex 2020/01/08 v3.1.5b (3.1.5b)
\pgf@shorten@end@additional=\dimen176
\pgf@shorten@start@additional=\dimen177
)
(d:/texlive/2020/texmf-dist/tex/generic/pgf/basiclayer/pgfcorescopes.code.tex
File: pgfcorescopes.code.tex 2020/01/08 v3.1.5b (3.1.5b)
\pgfpic=\box49
\pgf@hbox=\box50
\pgf@layerbox@main=\box51
\pgf@picture@serial@count=\count196
)
(d:/texlive/2020/texmf-dist/tex/generic/pgf/basiclayer/pgfcoregraphicstate.code
.tex
File: pgfcoregraphicstate.code.tex 2020/01/08 v3.1.5b (3.1.5b)
\pgflinewidth=\dimen178
)
(d:/texlive/2020/texmf-dist/tex/generic/pgf/basiclayer/pgfcoretransformations.c
ode.tex
File: pgfcoretransformations.code.tex 2020/01/08 v3.1.5b (3.1.5b)
\pgf@pt@x=\dimen179
\pgf@pt@y=\dimen180
\pgf@pt@temp=\dimen181
)
(d:/texlive/2020/texmf-dist/tex/generic/pgf/basiclayer/pgfcorequick.code.tex
File: pgfcorequick.code.tex 2020/01/08 v3.1.5b (3.1.5b)
)
(d:/texlive/2020/texmf-dist/tex/generic/pgf/basiclayer/pgfcoreobjects.code.tex
File: pgfcoreobjects.code.tex 2020/01/08 v3.1.5b (3.1.5b)
)
(d:/texlive/2020/texmf-dist/tex/generic/pgf/basiclayer/pgfcorepathprocessing.co
de.tex
File: pgfcorepathprocessing.code.tex 2020/01/08 v3.1.5b (3.1.5b)
)
(d:/texlive/2020/texmf-dist/tex/generic/pgf/basiclayer/pgfcorearrows.code.tex
File: pgfcorearrows.code.tex 2020/01/08 v3.1.5b (3.1.5b)
\pgfarrowsep=\dimen182
)
(d:/texlive/2020/texmf-dist/tex/generic/pgf/basiclayer/pgfcoreshade.code.tex
File: pgfcoreshade.code.tex 2020/01/08 v3.1.5b (3.1.5b)
\pgf@max=\dimen183
\pgf@sys@shading@range@num=\count197
\pgf@shadingcount=\count198
)
(d:/texlive/2020/texmf-dist/tex/generic/pgf/basiclayer/pgfcoreimage.code.tex
File: pgfcoreimage.code.tex 2020/01/08 v3.1.5b (3.1.5b)

(d:/texlive/2020/texmf-dist/tex/generic/pgf/basiclayer/pgfcoreexternal.code.tex
File: pgfcoreexternal.code.tex 2020/01/08 v3.1.5b (3.1.5b)
\pgfexternal@startupbox=\box52
))
(d:/texlive/2020/texmf-dist/tex/generic/pgf/basiclayer/pgfcorelayers.code.tex
File: pgfcorelayers.code.tex 2020/01/08 v3.1.5b (3.1.5b)
)
(d:/texlive/2020/texmf-dist/tex/generic/pgf/basiclayer/pgfcoretransparency.code
.tex
File: pgfcoretransparency.code.tex 2020/01/08 v3.1.5b (3.1.5b)
)
(d:/texlive/2020/texmf-dist/tex/generic/pgf/basiclayer/pgfcorepatterns.code.tex
File: pgfcorepatterns.code.tex 2020/01/08 v3.1.5b (3.1.5b)
) (d:/texlive/2020/texmf-dist/tex/generic/pgf/basiclayer/pgfcorerdf.code.tex
File: pgfcorerdf.code.tex 2020/01/08 v3.1.5b (3.1.5b)
))) (d:/texlive/2020/texmf-dist/tex/generic/pgf/modules/pgfmoduleshapes.code.te
x
File: pgfmoduleshapes.code.tex 2020/01/08 v3.1.5b (3.1.5b)
\pgfnodeparttextbox=\box53
)
(d:/texlive/2020/texmf-dist/tex/generic/pgf/modules/pgfmoduleplot.code.tex
File: pgfmoduleplot.code.tex 2020/01/08 v3.1.5b (3.1.5b)
)
(d:/texlive/2020/texmf-dist/tex/latex/pgf/compatibility/pgfcomp-version-0-65.st
y
Package: pgfcomp-version-0-65 2020/01/08 v3.1.5b (3.1.5b)
\pgf@nodesepstart=\dimen184
\pgf@nodesepend=\dimen185
)
(d:/texlive/2020/texmf-dist/tex/latex/pgf/compatibility/pgfcomp-version-1-18.st
y
Package: pgfcomp-version-1-18 2020/01/08 v3.1.5b (3.1.5b)
)) (d:/texlive/2020/texmf-dist/tex/latex/pgf/utilities/pgffor.sty
(d:/texlive/2020/texmf-dist/tex/latex/pgf/utilities/pgfkeys.sty
(d:/texlive/2020/texmf-dist/tex/generic/pgf/utilities/pgfkeys.code.tex))
(d:/texlive/2020/texmf-dist/tex/latex/pgf/math/pgfmath.sty
(d:/texlive/2020/texmf-dist/tex/generic/pgf/math/pgfmath.code.tex))
(d:/texlive/2020/texmf-dist/tex/generic/pgf/utilities/pgffor.code.tex
Package: pgffor 2020/01/08 v3.1.5b (3.1.5b)

(d:/texlive/2020/texmf-dist/tex/generic/pgf/math/pgfmath.code.tex)
\pgffor@iter=\dimen186
\pgffor@skip=\dimen187
\pgffor@stack=\toks35
\pgffor@toks=\toks36
))
(d:/texlive/2020/texmf-dist/tex/generic/pgf/frontendlayer/tikz/tikz.code.tex
Package: tikz 2020/01/08 v3.1.5b (3.1.5b)

(d:/texlive/2020/texmf-dist/tex/generic/pgf/libraries/pgflibraryplothandlers.co
de.tex
File: pgflibraryplothandlers.code.tex 2020/01/08 v3.1.5b (3.1.5b)
\pgf@plot@mark@count=\count199
\pgfplotmarksize=\dimen188
)
\tikz@lastx=\dimen189
\tikz@lasty=\dimen190
\tikz@lastxsaved=\dimen191
\tikz@lastysaved=\dimen192
\tikz@lastmovetox=\dimen193
\tikz@lastmovetoy=\dimen194
\tikzleveldistance=\dimen195
\tikzsiblingdistance=\dimen196
\tikz@figbox=\box54
\tikz@figbox@bg=\box55
\tikz@tempbox=\box56
\tikz@tempbox@bg=\box57
\tikztreelevel=\count266
\tikznumberofchildren=\count267
\tikznumberofcurrentchild=\count268
\tikz@fig@count=\count269

(d:/texlive/2020/texmf-dist/tex/generic/pgf/modules/pgfmodulematrix.code.tex
File: pgfmodulematrix.code.tex 2020/01/08 v3.1.5b (3.1.5b)
\pgfmatrixcurrentrow=\count270
\pgfmatrixcurrentcolumn=\count271
\pgf@matrix@numberofcolumns=\count272
)
\tikz@expandcount=\count273

(d:/texlive/2020/texmf-dist/tex/generic/pgf/frontendlayer/tikz/libraries/tikzli
brarytopaths.code.tex
File: tikzlibrarytopaths.code.tex 2020/01/08 v3.1.5b (3.1.5b)
)))
(d:/texlive/2020/texmf-dist/tex/generic/pgf/frontendlayer/tikz/libraries/tikzli
brarypositioning.code.tex
File: tikzlibrarypositioning.code.tex 2020/01/08 v3.1.5b (3.1.5b)
)
(d:/texlive/2020/texmf-dist/tex/generic/pgf/frontendlayer/tikz/libraries/tikzli
braryshadows.code.tex
File: tikzlibraryshadows.code.tex 2020/01/08 v3.1.5b (3.1.5b)

(d:/texlive/2020/texmf-dist/tex/generic/pgf/frontendlayer/tikz/libraries/tikzli
braryfadings.code.tex
File: tikzlibraryfadings.code.tex 2020/01/08 v3.1.5b (3.1.5b)

(d:/texlive/2020/texmf-dist/tex/generic/pgf/libraries/pgflibraryfadings.code.te
x
File: pgflibraryfadings.code.tex 2020/01/08 v3.1.5b (3.1.5b)
))) (d:/texlive/2020/texmf-dist/tex/latex/tools/calc.sty
Package: calc 2017/05/25 v4.3 Infix arithmetic (KKT,FJ)
\calc@Acount=\count274
\calc@Bcount=\count275
\calc@Adimen=\dimen197
\calc@Bdimen=\dimen198
\calc@Askip=\skip53
\calc@Bskip=\skip54
LaTeX Info: Redefining \setlength on input line 80.
LaTeX Info: Redefining \addtolength on input line 81.
\calc@Ccount=\count276
\calc@Cskip=\skip55
)
\c@@todonotes@numberoftodonotes=\count277
)
(d:/texlive/2020/texmf-dist/tex/latex/hyperref/hyperref.sty
Package: hyperref 2020/01/14 v7.00d Hypertext links for LaTeX

(d:/texlive/2020/texmf-dist/tex/generic/ltxcmds/ltxcmds.sty
Package: ltxcmds 2019/12/15 v1.24 LaTeX kernel commands for general use (HO)
)
(d:/texlive/2020/texmf-dist/tex/generic/iftex/iftex.sty
Package: iftex 2020/03/06 v1.0d TeX engine tests
)
(d:/texlive/2020/texmf-dist/tex/latex/pdftexcmds/pdftexcmds.sty
Package: pdftexcmds 2019/11/24 v0.31 Utility functions of pdfTeX for LuaTeX (HO
)

(d:/texlive/2020/texmf-dist/tex/generic/infwarerr/infwarerr.sty
Package: infwarerr 2019/12/03 v1.5 Providing info/warning/error messages (HO)
)
Package pdftexcmds Info: \pdf@primitive is available.
Package pdftexcmds Info: \pdf@ifprimitive is available.
Package pdftexcmds Info: \pdfdraftmode not found.
)
(d:/texlive/2020/texmf-dist/tex/generic/kvsetkeys/kvsetkeys.sty
Package: kvsetkeys 2019/12/15 v1.18 Key value parser (HO)
)
(d:/texlive/2020/texmf-dist/tex/generic/kvdefinekeys/kvdefinekeys.sty
Package: kvdefinekeys 2019-12-19 v1.6 Define keys (HO)
)
(d:/texlive/2020/texmf-dist/tex/generic/pdfescape/pdfescape.sty
Package: pdfescape 2019/12/09 v1.15 Implements pdfTeX's escape features (HO)
)
(d:/texlive/2020/texmf-dist/tex/latex/hycolor/hycolor.sty
Package: hycolor 2020-01-27 v1.10 Color options for hyperref/bookmark (HO)
)
(d:/texlive/2020/texmf-dist/tex/latex/letltxmacro/letltxmacro.sty
Package: letltxmacro 2019/12/03 v1.6 Let assignment for LaTeX macros (HO)
)
(d:/texlive/2020/texmf-dist/tex/latex/auxhook/auxhook.sty
Package: auxhook 2019-12-17 v1.6 Hooks for auxiliary files (HO)
)
(d:/texlive/2020/texmf-dist/tex/latex/kvoptions/kvoptions.sty
Package: kvoptions 2019/11/29 v3.13 Key value format for package options (HO)
)
\@linkdim=\dimen199
\Hy@linkcounter=\count278
\Hy@pagecounter=\count279

(d:/texlive/2020/texmf-dist/tex/latex/hyperref/pd1enc.def
File: pd1enc.def 2020/01/14 v7.00d Hyperref: PDFDocEncoding definition (HO)
)
(d:/texlive/2020/texmf-dist/tex/generic/intcalc/intcalc.sty
Package: intcalc 2019/12/15 v1.3 Expandable calculations with integers (HO)
)
(d:/texlive/2020/texmf-dist/tex/generic/etexcmds/etexcmds.sty
Package: etexcmds 2019/12/15 v1.7 Avoid name clashes with e-TeX commands (HO)
)
\Hy@SavedSpaceFactor=\count280
Package hyperref Info: Hyper figures OFF on input line 4547.
Package hyperref Info: Link nesting OFF on input line 4552.
Package hyperref Info: Hyper index ON on input line 4555.
Package hyperref Info: Plain pages OFF on input line 4562.
Package hyperref Info: Backreferencing OFF on input line 4567.
Package hyperref Info: Implicit mode ON; LaTeX internals redefined.
Package hyperref Info: Bookmarks ON on input line 4800.
\c@Hy@tempcnt=\count281

(d:/texlive/2020/texmf-dist/tex/latex/url/url.sty
\Urlmuskip=\muskip17
Package: url 2013/09/16  ver 3.4  Verb mode for urls, etc.
)
LaTeX Info: Redefining \url on input line 5159.
\XeTeXLinkMargin=\dimen256

(d:/texlive/2020/texmf-dist/tex/generic/bitset/bitset.sty
Package: bitset 2019/12/09 v1.3 Handle bit-vector datatype (HO)

(d:/texlive/2020/texmf-dist/tex/generic/bigintcalc/bigintcalc.sty
Package: bigintcalc 2019/12/15 v1.5 Expandable calculations on big integers (HO
)
))
\Fld@menulength=\count282
\Field@Width=\dimen257
\Fld@charsize=\dimen258
Package hyperref Info: Hyper figures OFF on input line 6430.
Package hyperref Info: Link nesting OFF on input line 6435.
Package hyperref Info: Hyper index ON on input line 6438.
Package hyperref Info: backreferencing OFF on input line 6445.
Package hyperref Info: Link coloring OFF on input line 6450.
Package hyperref Info: Link coloring with OCG OFF on input line 6455.
Package hyperref Info: PDF/A mode OFF on input line 6460.
LaTeX Info: Redefining \ref on input line 6500.
LaTeX Info: Redefining \pageref on input line 6504.

(d:/texlive/2020/texmf-dist/tex/generic/atbegshi/atbegshi.sty
Package: atbegshi 2019/12/05 v1.19 At begin shipout hook (HO)
)
\Hy@abspage=\count283
\c@Item=\count284
\c@Hfootnote=\count285
)
Package hyperref Info: Driver (autodetected): hxetex.

(d:/texlive/2020/texmf-dist/tex/latex/hyperref/hxetex.def
File: hxetex.def 2020/01/14 v7.00d Hyperref driver for XeTeX

(d:/texlive/2020/texmf-dist/tex/latex/hyperref/puenc.def
File: puenc.def 2020/01/14 v7.00d Hyperref: PDF Unicode definition (HO)
)
(d:/texlive/2020/texmf-dist/tex/generic/stringenc/stringenc.sty
Package: stringenc 2019/11/29 v1.12 Convert strings between diff. encodings (HO
)
)
\pdfm@box=\box58
\c@Hy@AnnotLevel=\count286
\HyField@AnnotCount=\count287
\Fld@listcount=\count288
\c@bookmark@seq@number=\count289

(d:/texlive/2020/texmf-dist/tex/latex/rerunfilecheck/rerunfilecheck.sty
Package: rerunfilecheck 2019/12/05 v1.9 Rerun checks for auxiliary files (HO)

(d:/texlive/2020/texmf-dist/tex/latex/atveryend/atveryend.sty
Package: atveryend 2019-12-11 v1.11 Hooks at the very end of document (HO)
Package atveryend Info: \enddocument detected (standard20110627).
)
(d:/texlive/2020/texmf-dist/tex/generic/uniquecounter/uniquecounter.sty
Package: uniquecounter 2019/12/15 v1.4 Provide unlimited unique counter (HO)
)
Package uniquecounter Info: New unique counter `rerunfilecheck' on input line 2
86.
)
\Hy@SectionHShift=\skip56
)
(d:/texlive/2020/texmf-dist/tex/latex/amsfonts/amssymb.sty
Package: amssymb 2013/01/14 v3.01 AMS font symbols

(d:/texlive/2020/texmf-dist/tex/latex/amsfonts/amsfonts.sty
Package: amsfonts 2013/01/14 v3.01 Basic AMSFonts support
\symAMSa=\mathgroup4
\symAMSb=\mathgroup5
LaTeX Font Info:    Redeclaring math symbol \hbar on input line 98.
LaTeX Font Info:    Overwriting math alphabet `\mathfrak' in version `bold'
(Font)                  U/euf/m/n --> U/euf/b/n on input line 106.
))
(d:/texlive/2020/texmf-dist/tex/latex/outline/outline.sty
Package: outline 2002/08/23 Simple Outline Package
\c@@outlndepth=\count290
\@outlndepth=\count291
\c@outlni=\count292
\c@outlnii=\count293
\c@outlniii=\count294
\c@outlniv=\count295
\c@outlnv=\count296
\c@outlnvi=\count297
)
(d:/texlive/2020/texmf-dist/tex/latex/pmgraph/pmgraph.sty
\@dimenA=\dimen259
\@dimenB=\dimen260
\@dimenC=\dimen261
\@dimenD=\dimen262
)
(d:/texlive/2020/texmf-dist/tex/generic/ulem/ulem.sty
\UL@box=\box59
\UL@hyphenbox=\box60
\UL@skip=\skip57
\UL@hook=\toks37
\UL@height=\dimen263
\UL@pe=\count298
\UL@pixel=\dimen264
\ULC@box=\box61
Package: ulem 2019/11/18
\ULdepth=\dimen265
)
(d:/texlive/2020/texmf-dist/tex/latex/tools/verbatim.sty
Package: verbatim 2019/11/10 v1.5r LaTeX2e package for verbatim enhancements
\every@verbatim=\toks38
\verbatim@line=\toks39
\verbatim@in@stream=\read4
)
(d:/texlive/2020/texmf-dist/tex/latex/ctex/ctex.sty
(d:/texlive/2020/texmf-dist/tex/latex/l3kernel/expl3.sty
Package: expl3 2020-03-06 L3 programming layer (loader) 

(d:/texlive/2020/texmf-dist/tex/latex/l3backend/l3backend-xdvipdfmx.def
File: l3backend-xdvipdfmx.def 2020-03-12 L3 backend support: xdvipdfmx
\g__graphics_track_int=\count299
\l__pdf_internal_box=\box62
\g__pdf_backend_object_int=\count300
\g__pdf_backend_annotation_int=\count301
))
Package: ctex 2019/05/29 v2.4.16 Chinese adapter in LaTeX (CTEX)

(d:/texlive/2020/texmf-dist/tex/latex/l3packages/xparse/xparse.sty
Package: xparse 2020-03-06 L3 Experimental document command parser
\l__xparse_current_arg_int=\count302
\g__xparse_grabber_int=\count303
\l__xparse_m_args_int=\count304
\l__xparse_v_nesting_int=\count305
)
(d:/texlive/2020/texmf-dist/tex/latex/l3packages/l3keys2e/l3keys2e.sty
Package: l3keys2e 2020-03-06 LaTeX2e option processing using LaTeX3 keys
)
(d:/texlive/2020/texmf-dist/tex/latex/ctex/ctexhook.sty
Package: ctexhook 2019/05/29 v2.4.16 Document and package hooks (CTEX)
)
(d:/texlive/2020/texmf-dist/tex/latex/ctex/ctexpatch.sty
Package: ctexpatch 2019/05/29 v2.4.16 Patching commands (CTEX)
)
(d:/texlive/2020/texmf-dist/tex/latex/base/fix-cm.sty
Package: fix-cm 2015/01/14 v1.1t fixes to LaTeX

(d:/texlive/2020/texmf-dist/tex/latex/base/ts1enc.def
File: ts1enc.def 2001/06/05 v3.0e (jk/car/fm) Standard LaTeX file
LaTeX Font Info:    Redeclaring font encoding TS1 on input line 47.
))
(d:/texlive/2020/texmf-dist/tex/latex/ms/everysel.sty
Package: everysel 2011/10/28 v1.2 EverySelectfont Package (MS)
)
\l__ctex_tmp_int=\count306
\l__ctex_tmp_box=\box63
\l__ctex_tmp_dim=\dimen266
\g__ctex_section_depth_int=\count307
\g__ctex_font_size_int=\count308

(d:/texlive/2020/texmf-dist/tex/latex/ctex/config/ctexopts.cfg
File: ctexopts.cfg 2019/05/29 v2.4.16 Option configuration file (CTEX)
)
(d:/texlive/2020/texmf-dist/tex/latex/ctex/engine/ctex-engine-xetex.def
File: ctex-engine-xetex.def 2019/05/29 v2.4.16 XeLaTeX adapter (CTEX)

(d:/texlive/2020/texmf-dist/tex/xelatex/xecjk/xeCJK.sty
Package: xeCJK 2020/02/18 v3.8.2 Typesetting CJK scripts with XeLaTeX

(d:/texlive/2020/texmf-dist/tex/latex/l3packages/xtemplate/xtemplate.sty
Package: xtemplate 2020-03-06 L3 Experimental prototype document functions
\l__xtemplate_tmp_dim=\dimen267
\l__xtemplate_tmp_int=\count309
\l__xtemplate_tmp_muskip=\muskip18
\l__xtemplate_tmp_skip=\skip58
)
\l__xeCJK_tmp_int=\count310
\l__xeCJK_tmp_box=\box64
\l__xeCJK_tmp_dim=\dimen268
\l__xeCJK_tmp_skip=\skip59
\g__xeCJK_space_factor_int=\count311
\l__xeCJK_begin_int=\count312
\l__xeCJK_end_int=\count313
\c__xeCJK_CJK_class_int=\XeTeXcharclass1
\c__xeCJK_FullLeft_class_int=\XeTeXcharclass2
\c__xeCJK_FullRight_class_int=\XeTeXcharclass3
\c__xeCJK_HalfLeft_class_int=\XeTeXcharclass4
\c__xeCJK_HalfRight_class_int=\XeTeXcharclass5
\c__xeCJK_NormalSpace_class_int=\XeTeXcharclass6
\c__xeCJK_CM_class_int=\XeTeXcharclass7
\c__xeCJK_HangulJamo_class_int=\XeTeXcharclass8
\l__xeCJK_last_skip=\skip60
\g__xeCJK_node_int=\count314
\c__xeCJK_CJK_node_dim=\dimen269
\c__xeCJK_CJK-space_node_dim=\dimen270
\c__xeCJK_default_node_dim=\dimen271
\c__xeCJK_default-space_node_dim=\dimen272
\c__xeCJK_CJK-widow_node_dim=\dimen273
\c__xeCJK_normalspace_node_dim=\dimen274
\l__xeCJK_ccglue_skip=\skip61
\l__xeCJK_ecglue_skip=\skip62
\l__xeCJK_punct_kern_skip=\skip63
\l__xeCJK_last_penalty_int=\count315
\l__xeCJK_last_bound_dim=\dimen275
\l__xeCJK_last_kern_dim=\dimen276
\l__xeCJK_widow_penalty_int=\count316

Package xtemplate Info: Declaring object type 'xeCJK/punctuation' taking 0
(xtemplate)             argument(s) on line 2302.

\l__xeCJK_fixed_punct_width_dim=\dimen277
\l__xeCJK_mixed_punct_width_dim=\dimen278
\l__xeCJK_middle_punct_width_dim=\dimen279
\l__xeCJK_fixed_margin_width_dim=\dimen280
\l__xeCJK_mixed_margin_width_dim=\dimen281
\l__xeCJK_middle_margin_width_dim=\dimen282
\l__xeCJK_bound_punct_width_dim=\dimen283
\l__xeCJK_bound_margin_width_dim=\dimen284
\l__xeCJK_margin_minimum_dim=\dimen285
\l__xeCJK_kerning_total_width_dim=\dimen286
\l__xeCJK_same_align_margin_dim=\dimen287
\l__xeCJK_different_align_margin_dim=\dimen288
\l__xeCJK_kerning_margin_width_dim=\dimen289
\l__xeCJK_kerning_margin_minimum_dim=\dimen290
\l__xeCJK_bound_dim=\dimen291
\l__xeCJK_reverse_bound_dim=\dimen292
\l__xeCJK_margin_dim=\dimen293
\l__xeCJK_minimum_bound_dim=\dimen294
\l__xeCJK_kerning_margin_dim=\dimen295
\g__xeCJK_family_int=\count317
\l__xeCJK_fam_int=\count318
\g__xeCJK_fam_allocation_int=\count319
\l__xeCJK_verb_case_int=\count320
\l__xeCJK_verb_exspace_skip=\skip64

(d:/texlive/2020/texmf-dist/tex/latex/fontspec/fontspec.sty
Package: fontspec 2020/02/21 v2.7i Font selection for XeLaTeX and LuaLaTeX

(d:/texlive/2020/texmf-dist/tex/latex/fontspec/fontspec-xetex.sty
Package: fontspec-xetex 2020/02/21 v2.7i Font selection for XeLaTeX and LuaLaTe
X
\l__fontspec_script_int=\count321
\l__fontspec_language_int=\count322
\l__fontspec_strnum_int=\count323
\l__fontspec_tmp_int=\count324
\l__fontspec_tmpa_int=\count325
\l__fontspec_tmpb_int=\count326
\l__fontspec_tmpc_int=\count327
\l__fontspec_em_int=\count328
\l__fontspec_emdef_int=\count329
\l__fontspec_strong_int=\count330
\l__fontspec_strongdef_int=\count331
\l__fontspec_tmpa_dim=\dimen296
\l__fontspec_tmpb_dim=\dimen297
\l__fontspec_tmpc_dim=\dimen298

(d:/texlive/2020/texmf-dist/tex/latex/base/fontenc.sty
Package: fontenc 2020/02/11 v2.0o Standard LaTeX package
)
(d:/texlive/2020/texmf-dist/tex/latex/fontspec/fontspec.cfg)))
(d:/texlive/2020/texmf-dist/tex/xelatex/xecjk/xeCJK.cfg
File: xeCJK.cfg 2020/02/18 v3.8.2 Configuration file for xeCJK package
))
(d:/texlive/2020/texmf-dist/tex/xelatex/xecjk/xeCJKfntef.sty
Package: xeCJKfntef 2020/02/18 v3.8.2 xeCJK font effect
\l__xeCJK_space_skip=\skip65
\c__xeCJK_ulem-begin_node_dim=\dimen299
\c__xeCJK_null_box=\box65
\l__xeCJK_fntef_box=\box66
\l__xeCJK_under_symbol_box=\box67
\c__xeCJK_filll_skip=\skip66
)
\ccwd=\dimen300
\l__ctex_ccglue_skip=\skip67
)
\l__ctex_ziju_dim=\dimen301

(d:/texlive/2020/texmf-dist/tex/latex/zhnumber/zhnumber.sty
Package: zhnumber 2019/04/07 v2.7 Typesetting numbers with Chinese glyphs
\l__zhnum_scale_int=\count332

(d:/texlive/2020/texmf-dist/tex/latex/zhnumber/zhnumber-utf8.cfg
File: zhnumber-utf8.cfg 2019/04/07 v2.7 Chinese numerals with UTF8 encoding
))
(d:/texlive/2020/texmf-dist/tex/latex/ctex/scheme/ctex-scheme-chinese.def
File: ctex-scheme-chinese.def 2019/05/29 v2.4.16 Chinese scheme for generic (CT
EX)

(d:/texlive/2020/texmf-dist/tex/latex/ctex/config/ctex-name-utf8.cfg
File: ctex-name-utf8.cfg 2019/05/29 v2.4.16 Caption with encoding UTF8 (CTEX)
))
(d:/texlive/2020/texmf-dist/tex/latex/tools/indentfirst.sty
Package: indentfirst 1995/11/23 v1.03 Indent first paragraph (DPC)
)
(d:/texlive/2020/texmf-dist/tex/latex/ctex/ctex-c5size.clo
File: ctex-c5size.clo 2019/05/29 v2.4.16 c5size option (CTEX)
)
(d:/texlive/2020/texmf-dist/tex/latex/ctex/fontset/ctex-fontset-windows.def
File: ctex-fontset-windows.def 2019/05/29 v2.4.16 Windows fonts definition (CTE
X)

(d:/texlive/2020/texmf-dist/tex/latex/ctex/fontset/ctex-fontset-windowsnew.def
File: ctex-fontset-windowsnew.def 2019/05/29 v2.4.16 Windows fonts definition f
or Vista or later version (CTEX)

Package fontspec Info: Could not resolve font "KaiTi/B" (it probably doesn't
(fontspec)             exist).


Package fontspec Info: Could not resolve font "SimHei/I" (it probably doesn't
(fontspec)             exist).


Package fontspec Info: Could not resolve font "SimSun/BI" (it probably doesn't
(fontspec)             exist).


Package fontspec Info: Font family 'SimSun(0)' created for font 'SimSun' with
(fontspec)             options
(fontspec)             [Script={CJK},BoldFont={SimHei},ItalicFont={KaiTi}].
(fontspec)              
(fontspec)              This font family consists of the following NFSS
(fontspec)             series/shapes:
(fontspec)              
(fontspec)             - 'normal' (m/n) with NFSS spec.:
(fontspec)             <->"SimSun/OT:script=hani;language=dflt;"
(fontspec)             - 'small caps'  (m/sc) with NFSS spec.: 
(fontspec)             - 'bold' (b/n) with NFSS spec.:
(fontspec)             <->"SimHei/OT:script=hani;language=dflt;"
(fontspec)             - 'bold small caps'  (b/sc) with NFSS spec.: 
(fontspec)             - 'italic' (m/it) with NFSS spec.:
(fontspec)             <->"KaiTi/OT:script=hani;language=dflt;"
(fontspec)             - 'italic small caps'  (m/scit) with NFSS spec.: 

))) (d:/texlive/2020/texmf-dist/tex/latex/ctex/config/ctex.cfg
File: ctex.cfg 2019/05/29 v2.4.16 Configuration file (CTEX)
)
(d:/texlive/2020/texmf-dist/tex/latex/listings/listings.sty
\lst@mode=\count333
\lst@gtempboxa=\box68
\lst@token=\toks40
\lst@length=\count334
\lst@currlwidth=\dimen302
\lst@column=\count335
\lst@pos=\count336
\lst@lostspace=\dimen303
\lst@width=\dimen304
\lst@newlines=\count337
\lst@lineno=\count338
\lst@maxwidth=\dimen305

(d:/texlive/2020/texmf-dist/tex/latex/listings/lstmisc.sty
File: lstmisc.sty 2020/03/24 1.8d (Carsten Heinz)
\c@lstnumber=\count339
\lst@skipnumbers=\count340
\lst@framebox=\box69
)
(d:/texlive/2020/texmf-dist/tex/latex/listings/listings.cfg
File: listings.cfg 2020/03/24 1.8d listings configuration
))
Package: listings 2020/03/24 1.8d (Carsten Heinz)

(d:/texlive/2020/texmf-dist/tex/xelatex/xecjk/xeCJK-listings.sty
Package: xeCJK-listings 2020/02/18 v3.8.2 xeCJK patch file for listings
\l__xeCJK_listings_max_char_int=\count341
\l__xeCJK_listings_flag_int=\count342
) (./report.aux)
\openout1 = `report.aux'.

LaTeX Font Info:    Checking defaults for OML/cmm/m/it on input line 33.
LaTeX Font Info:    ... okay on input line 33.
LaTeX Font Info:    Checking defaults for OMS/cmsy/m/n on input line 33.
LaTeX Font Info:    ... okay on input line 33.
LaTeX Font Info:    Checking defaults for OT1/cmr/m/n on input line 33.
LaTeX Font Info:    ... okay on input line 33.
LaTeX Font Info:    Checking defaults for T1/cmr/m/n on input line 33.
LaTeX Font Info:    ... okay on input line 33.
LaTeX Font Info:    Checking defaults for TS1/cmr/m/n on input line 33.
LaTeX Font Info:    ... okay on input line 33.
LaTeX Font Info:    Checking defaults for TU/lmr/m/n on input line 33.
LaTeX Font Info:    ... okay on input line 33.
LaTeX Font Info:    Checking defaults for OMX/cmex/m/n on input line 33.
LaTeX Font Info:    ... okay on input line 33.
LaTeX Font Info:    Checking defaults for U/cmr/m/n on input line 33.
LaTeX Font Info:    ... okay on input line 33.
LaTeX Font Info:    Checking defaults for PD1/pdf/m/n on input line 33.
LaTeX Font Info:    ... okay on input line 33.
LaTeX Font Info:    Checking defaults for PU/pdf/m/n on input line 33.
LaTeX Font Info:    ... okay on input line 33.
 ABD: EveryShipout initializing macros
\AtBeginShipoutBox=\box70
Package hyperref Info: Link coloring OFF on input line 33.

(d:/texlive/2020/texmf-dist/tex/latex/hyperref/nameref.sty
Package: nameref 2019/09/16 v2.46 Cross-referencing by name of section

(d:/texlive/2020/texmf-dist/tex/latex/refcount/refcount.sty
Package: refcount 2019/12/15 v3.6 Data extraction from label references (HO)
)
(d:/texlive/2020/texmf-dist/tex/generic/gettitlestring/gettitlestring.sty
Package: gettitlestring 2019/12/15 v1.6 Cleanup title references (HO)
)
\c@section@level=\count343
)
LaTeX Info: Redefining \ref on input line 33.
LaTeX Info: Redefining \pageref on input line 33.
LaTeX Info: Redefining \nameref on input line 33.

(./report.out) (./report.out)
\@outlinefile=\write4
\openout4 = `report.out'.

 ABD: EverySelectfont initializing macros
LaTeX Info: Redefining \selectfont on input line 33.

Package fontspec Info: Adjusting the maths setup (use [no-math] to avoid
(fontspec)             this).

\symlegacymaths=\mathgroup6
LaTeX Font Info:    Overwriting symbol font `legacymaths' in version `bold'
(Font)                  OT1/cmr/m/n --> OT1/cmr/bx/n on input line 33.
LaTeX Font Info:    Redeclaring math accent \acute on input line 33.
LaTeX Font Info:    Redeclaring math accent \grave on input line 33.
LaTeX Font Info:    Redeclaring math accent \ddot on input line 33.
LaTeX Font Info:    Redeclaring math accent \tilde on input line 33.
LaTeX Font Info:    Redeclaring math accent \bar on input line 33.
LaTeX Font Info:    Redeclaring math accent \breve on input line 33.
LaTeX Font Info:    Redeclaring math accent \check on input line 33.
LaTeX Font Info:    Redeclaring math accent \hat on input line 33.
LaTeX Font Info:    Redeclaring math accent \dot on input line 33.
LaTeX Font Info:    Redeclaring math accent \mathring on input line 33.
LaTeX Font Info:    Redeclaring math symbol \Gamma on input line 33.
LaTeX Font Info:    Redeclaring math symbol \Delta on input line 33.
LaTeX Font Info:    Redeclaring math symbol \Theta on input line 33.
LaTeX Font Info:    Redeclaring math symbol \Lambda on input line 33.
LaTeX Font Info:    Redeclaring math symbol \Xi on input line 33.
LaTeX Font Info:    Redeclaring math symbol \Pi on input line 33.
LaTeX Font Info:    Redeclaring math symbol \Sigma on input line 33.
LaTeX Font Info:    Redeclaring math symbol \Upsilon on input line 33.
LaTeX Font Info:    Redeclaring math symbol \Phi on input line 33.
LaTeX Font Info:    Redeclaring math symbol \Psi on input line 33.
LaTeX Font Info:    Redeclaring math symbol \Omega on input line 33.
LaTeX Font Info:    Redeclaring math symbol \mathdollar on input line 33.
LaTeX Font Info:    Redeclaring symbol font `operators' on input line 33.
LaTeX Font Info:    Encoding `OT1' has changed to `TU' for symbol font
(Font)              `operators' in the math version `normal' on input line 33.
LaTeX Font Info:    Overwriting symbol font `operators' in version `normal'
(Font)                  OT1/cmr/m/n --> TU/lmr/m/n on input line 33.
LaTeX Font Info:    Encoding `OT1' has changed to `TU' for symbol font
(Font)              `operators' in the math version `bold' on input line 33.
LaTeX Font Info:    Overwriting symbol font `operators' in version `bold'
(Font)                  OT1/cmr/bx/n --> TU/lmr/m/n on input line 33.
LaTeX Font Info:    Overwriting symbol font `operators' in version `normal'
(Font)                  TU/lmr/m/n --> TU/lmr/m/n on input line 33.
LaTeX Font Info:    Overwriting math alphabet `\mathit' in version `normal'
(Font)                  OT1/cmr/m/it --> TU/lmr/m/it on input line 33.
LaTeX Font Info:    Overwriting math alphabet `\mathbf' in version `normal'
(Font)                  OT1/cmr/bx/n --> TU/lmr/b/n on input line 33.
LaTeX Font Info:    Overwriting math alphabet `\mathsf' in version `normal'
(Font)                  OT1/cmss/m/n --> TU/lmss/m/n on input line 33.
LaTeX Font Info:    Overwriting math alphabet `\mathtt' in version `normal'
(Font)                  OT1/cmtt/m/n --> TU/lmtt/m/n on input line 33.
LaTeX Font Info:    Overwriting symbol font `operators' in version `bold'
(Font)                  TU/lmr/m/n --> TU/lmr/b/n on input line 33.
LaTeX Font Info:    Overwriting math alphabet `\mathit' in version `bold'
(Font)                  OT1/cmr/bx/it --> TU/lmr/b/it on input line 33.
LaTeX Font Info:    Overwriting math alphabet `\mathsf' in version `bold'
(Font)                  OT1/cmss/bx/n --> TU/lmss/b/n on input line 33.
LaTeX Font Info:    Overwriting math alphabet `\mathtt' in version `bold'
(Font)                  OT1/cmtt/m/n --> TU/lmtt/b/n on input line 33.
\c@lstlisting=\count344
File: figures/zhenglab-logo.png Graphic file (type bmp)
<figures/zhenglab-logo.png>
LaTeX Font Info:    Trying to load font information for U+msa on input line 36.


(d:/texlive/2020/texmf-dist/tex/latex/amsfonts/umsa.fd
File: umsa.fd 2013/01/14 v3.01 AMS symbols A
)
LaTeX Font Info:    Trying to load font information for U+msb on input line 36.


(d:/texlive/2020/texmf-dist/tex/latex/amsfonts/umsb.fd
File: umsb.fd 2013/01/14 v3.01 AMS symbols B
) [0

] [1]
(d:/texlive/2020/texmf-dist/tex/latex/listings/lstlang1.sty
File: lstlang1.sty 2020/03/24 1.8d listings language file
) [2]
Package atveryend Info: Empty hook `BeforeClearDocument' on input line 100.
Package atveryend Info: Empty hook `AfterLastShipout' on input line 100.
 (./report.aux)
Package atveryend Info: Empty hook `AtVeryEndDocument' on input line 100.
Package atveryend Info: Executing hook `AtEndAfterFileList' on input line 100.
Package rerunfilecheck Info: File `report.out' has not changed.
(rerunfilecheck)             Checksum: 009CA8DCC6F05CC70B96E0145BBC1ECB;252.
Package atveryend Info: Empty hook `AtVeryVeryEnd' on input line 100.
 ) 
Here is how much of TeX's memory you used:
 28505 strings out of 479418
 581827 string characters out of 5888105
 1058232 words of memory out of 5000000
 45480 multiletter control sequences out of 15000+600000
 537649 words of font info for 69 fonts, out of 8000000 for 9000
 1348 hyphenation exceptions out of 8191
 68i,7n,83p,446b,1187s stack positions out of 5000i,500n,10000p,200000b,80000s

Output written on report.pdf (3 pages).
